********  (C) Copyright Rosetta Commons Member Institutions.  ***************
* Use of Rosetta for commercial purposes may require purchase of a license. *
********  See LICENSE.md or email license@uw.edu for more details. **********
core.init: Checking for fconfig files in pwd and ./rosetta/flags 
core.init: Rosetta version: rosetta.binary.m1.release-371 r371 2024.09+release.06b3cf8ad0 06b3cf8ad0940d628690d0ed6fa2009d72ad2b44 https://www.rosettacommons.org 2024-02-28T21:25:09.004217
core.init: command: /Users/junyoung/Desktop/BioMatAI/rosetta/rosetta.binary.m1.release-371/main/source/bin/docking_protocol.static.macosclangrelease -database /Users/junyoung/Desktop/BioMatAI/rosetta/rosetta.binary.m1.release-371/main/database -s /Users/junyoung/Desktop/BioMatAI/BioMAI/input/merged_A_B.pdb -partners A_B -dock_pert 5 15 -spin -randomize1 -randomize2 -packing:use_input_sc -ex1 -ex2aro -nstruct 50 -out:file:scorefile /Users/junyoung/Desktop/BioMatAI/BioMAI/output/dock_250917_203657/score.sc -out:path:all /Users/junyoung/Desktop/BioMatAI/BioMAI/output/dock_250917_203657 -packing:resfile /Users/junyoung/Desktop/BioMatAI/BioMAI/dock.resfile
basic.random.init_random_generator: 'RNG device' seed mode, using '/dev/urandom', seed=347369055 seed_offset=0 real_seed=347369055
basic.random.init_random_generator: RandomGenerator:init: Normal mode, seed=347369055 RG_type=mt19937
basic.io.database: Database file opened: scoring/score_functions/InterchainPotential/interchain_env_log.txt
basic.io.database: Database file opened: scoring/score_functions/InterchainPotential/interchain_pair_log.txt
basic.io.database: Database file opened: scoring/score_functions/EnvPairPotential/env_log.txt
basic.io.database: Database file opened: scoring/score_functions/EnvPairPotential/cbeta_den.txt
basic.io.database: Database file opened: scoring/score_functions/EnvPairPotential/pair_log.txt
basic.io.database: Database file opened: scoring/score_functions/EnvPairPotential/cenpack_log.txt
core.scoring.ScoreFunctionFactory: SCOREFUNCTION: ref2015
core.scoring.etable: Starting energy table calculation
core.scoring.etable: smooth_etable: changing atr/rep split to bottom of energy well
core.scoring.etable: smooth_etable: spline smoothing lj etables (maxdis = 6)
core.scoring.etable: smooth_etable: spline smoothing solvation etables (max_dis = 6)
core.scoring.etable: Finished calculating energy tables.
basic.io.database: Database file opened: scoring/score_functions/hbonds/ref2015_params/HBPoly1D.csv
basic.io.database: Database file opened: scoring/score_functions/hbonds/ref2015_params/HBFadeIntervals.csv
basic.io.database: Database file opened: scoring/score_functions/hbonds/ref2015_params/HBEval.csv
basic.io.database: Database file opened: scoring/score_functions/hbonds/ref2015_params/DonStrength.csv
basic.io.database: Database file opened: scoring/score_functions/hbonds/ref2015_params/AccStrength.csv
core.chemical.GlobalResidueTypeSet: Finished initializing fa_standard residue type set.  Created 985 residue types
core.chemical.GlobalResidueTypeSet: Total time to initialize 0.277455 seconds.
basic.io.database: Database file opened: scoring/score_functions/rama/fd/all.ramaProb
basic.io.database: Database file opened: scoring/score_functions/rama/fd/prepro.ramaProb
basic.io.database: Database file opened: scoring/score_functions/omega/omega_ppdep.all.txt
basic.io.database: Database file opened: scoring/score_functions/omega/omega_ppdep.gly.txt
basic.io.database: Database file opened: scoring/score_functions/omega/omega_ppdep.pro.txt
basic.io.database: Database file opened: scoring/score_functions/omega/omega_ppdep.valile.txt
basic.io.database: Database file opened: scoring/score_functions/P_AA_pp/P_AA
basic.io.database: Database file opened: scoring/score_functions/P_AA_pp/P_AA_n
core.scoring.P_AA: shapovalov_lib::shap_p_aa_pp_smooth_level of 1( aka low_smooth ) got activated.
basic.io.database: Database file opened: scoring/score_functions/P_AA_pp/shapovalov/10deg/kappa131/a20.prop
core.scoring.ScoreFunctionFactory: SCOREFUNCTION: ref2015
core.scoring.ScoreFunctionFactory: SCOREFUNCTION: ref2015
protocols.docking.DockingInitialPerturbation: Reading options...
core.scoring.ScoreFunctionFactory: SCOREFUNCTION: ref2015
core.scoring.ScoreFunctionFactory: SCOREFUNCTION: ref2015
core.scoring.ScoreFunctionFactory: SCOREFUNCTION: ref2015
core.scoring.ScoreFunctionFactory: SCOREFUNCTION: ref2015
protocols.jd2.PDBJobInputter: Instantiate PDBJobInputter
protocols.jd2.PDBJobInputter: PDBJobInputter::fill_jobs
protocols.jd2.PDBJobInputter: pushed /Users/junyoung/Desktop/BioMatAI/BioMAI/input/merged_A_B.pdb nstruct indices 1 - 50
protocols.evaluation.ChiWellRmsdEvaluatorCreator: Evaluation Creator active ... 
protocols.jd2.PDBJobInputter: PDBJobInputter::pose_from_job
protocols.jd2.PDBJobInputter: filling pose from PDB /Users/junyoung/Desktop/BioMatAI/BioMAI/input/merged_A_B.pdb
core.import_pose.import_pose: File '/Users/junyoung/Desktop/BioMatAI/BioMAI/input/merged_A_B.pdb' automatically determined to be of type PDB
core.io.pose_from_sfr.PoseFromSFRBuilder: Adding undetected upper terminus type to residue 1157,  582 A
core.conformation.Conformation: [ WARNING ] missing heavyatom:  OXT on residue ALA:CtermProteinFull 1157
core.conformation.Conformation: Found disulfide between residues 50 59
core.conformation.Conformation: Found disulfide between residues 72 88
core.conformation.Conformation: Found disulfide between residues 87 98
core.conformation.Conformation: Found disulfide between residues 121 166
core.conformation.Conformation: Found disulfide between residues 165 174
core.conformation.Conformation: Found disulfide between residues 197 243
core.conformation.Conformation: Found disulfide between residues 242 250
core.conformation.Conformation: Found disulfide between residues 262 276
core.conformation.Conformation: Found disulfide between residues 275 286
core.conformation.Conformation: Found disulfide between residues 313 358
core.conformation.Conformation: Found disulfide between residues 357 366
core.conformation.Conformation: Found disulfide between residues 389 435
core.conformation.Conformation: Found disulfide between residues 434 445
core.conformation.Conformation: Found disulfide between residues 458 474
core.conformation.Conformation: Found disulfide between residues 473 484
core.conformation.Conformation: Found disulfide between residues 511 556
core.conformation.Conformation: Found disulfide between residues 555 564
core.conformation.Conformation: Found disulfide between residues 628 637
core.conformation.Conformation: Found disulfide between residues 650 666
core.conformation.Conformation: Found disulfide between residues 665 676
core.conformation.Conformation: Found disulfide between residues 699 744
core.conformation.Conformation: Found disulfide between residues 743 752
core.conformation.Conformation: Found disulfide between residues 775 821
core.conformation.Conformation: Found disulfide between residues 820 828
core.conformation.Conformation: Found disulfide between residues 840 854
core.conformation.Conformation: Found disulfide between residues 853 864
core.conformation.Conformation: Found disulfide between residues 891 936
core.conformation.Conformation: Found disulfide between residues 935 944
core.conformation.Conformation: Found disulfide between residues 967 1013
core.conformation.Conformation: Found disulfide between residues 1012 1023
core.conformation.Conformation: Found disulfide between residues 1036 1052
core.conformation.Conformation: Found disulfide between residues 1051 1062
core.conformation.Conformation: Found disulfide between residues 1089 1134
core.conformation.Conformation: Found disulfide between residues 1133 1142
core.scoring.ScoreFunctionFactory: SCOREFUNCTION: ref2015
core.scoring.ScoreFunctionFactory: SCOREFUNCTION: ref2015
core.scoring.ScoreFunctionFactory: SCOREFUNCTION: ref2015
protocols.docking.DockingInitialPerturbation: Reading options...
core.scoring.ScoreFunctionFactory: SCOREFUNCTION: ref2015
core.scoring.ScoreFunctionFactory: SCOREFUNCTION: ref2015
core.scoring.ScoreFunctionFactory: SCOREFUNCTION: ref2015
core.scoring.ScoreFunctionFactory: SCOREFUNCTION: ref2015
protocols.docking.DockingProtocol: Danger Will Robinson! Native is an impostor!
protocols.docking.DockingProtocol: Setting docking foldtree
protocols.docking.DockingProtocol: old fold tree: FOLD_TREE  EDGE 1 2 1  EDGE 2 1157 -1 
protocols.docking.DockingProtocol: new fold tree: FOLD_TREE  EDGE 1 1010 1  EDGE 1010 2 -1  EDGE 1010 1157 -1 
